#
# A fatal error has been detected by the Java Runtime Environment:
#
#  EXCEPTION_ACCESS_VIOLATION (0xc0000005) at pc=0x00007ff848f2aff8, pid=3248, tid=1004
#
# JRE version: Java(TM) SE Runtime Environment (17.0.1+12) (build 17.0.1+12-LTS-39)
# Java VM: Java HotSpot(TM) 64-Bit Server VM (17.0.1+12-LTS-39, mixed mode, emulated-client, sharing, tiered, compressed oops, compressed class ptrs, g1 gc, windows-amd64)
# Problematic frame:
# V  [jvm.dll+0x23aff8]
#
# No core dump will be written. Minidumps are not enabled by default on client versions of Windows
#
# If you would like to submit a bug report, please visit:
#   https://bugreport.java.com/bugreport/crash.jsp
#

---------------  S U M M A R Y ------------

Command Line: -javaagent:C:\Users\User\.IntelliJIdea2019.1\system\testAgent\intellij-coverage-agent-1.0.495.jar=C:\Users\User\AppData\Local\Temp\coverageargs -XX:TieredStopAtLevel=1 -Xverify:none -Dspring.output.ansi.enabled=always -Dcom.sun.management.jmxremote -Dspring.jmx.enabled=true -Dspring.liveBeansView.mbeanDomain -Dspring.application.admin.enabled=true -Didea.launcher.port=11024 -Didea.launcher.bin.path=C:\Program Files\JetBrains\IntelliJ IDEA 2019.1.2\bin -Dfile.encoding=UTF-8 com.intellij.rt.execution.application.AppMainV2 com.institutsaintjean.GestionsDesInterventions.GestionsDesInterventionsApplication

Host: Intel(R) Core(TM) i5-6200U CPU @ 2.30GHz, 4 cores, 15G,  Windows 10 , 64 bit Build 19041 (10.0.19041.2913)
Time: Sat May 20 09:30:39 2023 Paris, Madrid (heure duild 19041 (10.0.19041.2913) elapsed time: 3.814934 seconds (0d 0h 0m 3s)

---------------  T H R E A D  ---------------

Current thread (0x000001ddd7c4a8c0):  JavaThread "Thread-2" [_thread_in_vm, id=1004, stack(0x000000829a500000,0x000000829a600000)]

Stack: [0x000000829a500000,0x000000829a600000],  sp=0x000000829a5fc178,  free space=1008k
Native frames: (J=compiled Java code, j=interpreted, Vv=VM code, C=native code)
V  [jvm.dll+0x23aff8]

Java frames: (J=compiled Java code, j=interpreted, Vv=VM code)
J 1514  java.lang.ClassLoader.defineClass1(Ljava/lang/ClassLoader;Ljava/lang/String;[BIILjava/security/ProtectionDomain;Ljava/lang/String;)Ljava/lang/Class; java.base@17.0.1 (0 bytes) @ 0x000001ddc7dfcf63 [0x000001ddc7dfcea0+0x00000000000000c3]
J 1554 c1 java.lang.ClassLoader.defineClass(Ljava/lang/String;[BIILjava/security/ProtectionDomain;)Ljava/lang/Class; java.base@17.0.1 (43 bytes) @ 0x000001ddc7e0d06c [0x000001ddc7e0cf60+0x000000000000010c]
J 1543 c1 jdk.internal.loader.BuiltinClassLoader.defineClass(Ljava/lang/String;Ljdk/internal/loader/Resource;)Ljava/lang/Class; java.base@17.0.1 (121 bytes) @ 0x000001ddc7e090f4 [0x000001ddc7e08c20+0x00000000000004d4]
J 1513 c1 jdk.internal.loader.BuiltinClassLoader.findClassOnClassPathOrNull(Ljava/lang/String;)Ljava/lang/Class; java.base@17.0.1 (64 bytes) @ 0x000001ddc7dfd744 [0x000001ddc7dfd480+0x00000000000002c4]
J 1308 c1 jdk.internal.loader.BuiltinClassLoader.loadClassOrNull(Ljava/lang/String;Z)Ljava/lang/Class; java.base@17.0.1 (143 bytes) @ 0x000001ddc7da8404 [0x000001ddc7da7f80+0x0000000000000484]
J 1416 c1 jdk.internal.loader.ClassLoaders$AppClassLoader.loadClass(Ljava/lang/String;Z)Ljava/lang/Class; java.base@17.0.1 (40 bytes) @ 0x000001ddc7dd162c [0x000001ddc7dd14e0+0x000000000000014c]
J 1402 c1 java.lang.ClassLoader.loadClass(Ljava/lang/String;)Ljava/lang/Class; java.base@17.0.1 (7 bytes) @ 0x000001ddc7dcc4e4 [0x000001ddc7dcc4a0+0x0000000000000044]
v  ~StubRoutines::call_stub
j  org.springframework.core.annotation.IntrospectionFailureLogger.<clinit>()V+13
v  ~StubRoutines::call_stub
j  org.springframework.core.annotation.AnnotationTypeMappings.<clinit>()V+13
v  ~StubRoutines::call_stub
j  org.springframework.core.annotation.AnnotationUtils.clearCache()V+13
j  org.springframework.boot.devtools.restart.Restarter.clearAnnotationUtilsCache()V+13
j  org.springframework.boot.devtools.restart.Restarter.cleanupKnownCaches()V+45
j  org.springframework.boot.devtools.restart.Restarter.cleanupCaches()V+24
j  org.springframework.boot.devtools.restart.Restarter.lambda$immediateRestart$0()Ljava/lang/Object;+28
j  org.springframework.boot.devtools.restart.Restarter$$Lambda$161+0x0000000800cf1458.call()Ljava/lang/Object;+4
j  org.springframework.boot.devtools.restart.Restarter$LeakSafeThread.run()V+48
v  ~StubRoutines::call_stub

siginfo: EXCEPTION_ACCESS_VIOLATION (0xc0000005), reading address 0x000001ddd733bba0


Register to memory mapping:

RIP=0x00007ff848f2aff8 jvm.dll
RAX=0x000000000000d80c is an unknown value
RBX=0x0000000000000001 is an unknown value
RCX=0x000001ddd72cfaf8 is pointing into metadata
RDX=0x000000000000003a is an unknown value
RSP=0x000000829a5fc178 is pointing into the stack for thread: 0x000001ddd7c4a8c0
RBP=0x000000000000003a is an unknown value
RSI=0x0000000000000006 is an unknown value
RDI=0x0000000800cf9d58 is a pointer to class: 
org.springframework.core.annotation.IntrospectionFailureLogger {0x0000000800cf9d60}
 - instance size:     3
 - klass size:        75
 - access:            synchronized abstract 
 - state:             being_initialized
 - name:              'org/springframework/core/annotation/IntrospectionFailureLogger'
 - super:             'java/lang/Enum'
 - sub:               
 - arrays:            NULL
 - methods:           Array<T>(0x000001ddd72d3958)
 - method ordering:   Array<T>(0x00000008008e0170)
 - default_methods:   Array<T>(0x0000000000000000)
 - local interfaces:  Array<T>(0x00000008005af218)
 - trans. interfaces: Array<T>(0x00000008005b52f8)
 - constants:         constant pool [136]/operands[10] {0x000001ddd72cfb00} for 'org/springframework/core/annotation/IntrospectionFailureLogger' cache=0x000001ddd72d4140
 - class loader data:  loader data: 0x000001ddd75da670 for instance a 'jdk/internal/loader/ClassLoaders$AppClassLoader'{0x0000000702284400}
 - source file:       'IntrospectionFailureLogger.java'
 - class annotations:       Array<T>(0x0000000000000000)
 - class type annotations:  Array<T>(0x0000000000000000)
 - field annotations:       Array<T>(0x000001ddd72d38f8)
 - field type annotations:  Array<T>(0x0000000000000000)
 - generic signature: 'Ljava/lang/Enum<Lorg/springframework/core/annotation/IntrospectionFailureLogger;>;'
 - inner classes:     Array<T>(0x000001ddd72d40d8)
 - nest members:     Array<T>(0x000001ddd72d4100)
 - permitted subclasses:     Array<T>(0x000001ddd72d4110)
 - java mirror:       a 'java/lang/Class'{0x0000000710725d10} = 'org/springframework/core/annotation/IntrospectionFailureLogger'
 - vtable length      9  (start addr: 0x0000000800cf9f20)
 - itable length      8 (start addr: 0x0000000800cf9f68)
 - ---- static fields (2 words):
 - public static final 'DEBUG' 'Lorg/springframework/core/annotation/IntrospectionFailureLogger;' @112 
 - public static final 'INFO' 'Lorg/springframework/core/annotation/IntrospectionFailureLogger;' @116 
 - private static 'logger' 'Lorg/apache/commons/logging/Log;' @120 
 - private static final synthetic '$VALUES' '[Lorg/springframework/core/annotation/IntrospectionFailureLogger;' @124 
 - ---- non-static fields (2 words):
 - private final 'ordinal' 'I' @12 
 - private final 'name' 'Ljava/lang/String;' @16 
 - non-static oop maps: 16-16 
R8 =0x0000000000000003 is an unknown value
R9 =0x0000000800cf9fb0 is a pointer to class: 
org.springframework.core.annotation.IntrospectionFailureLogger$1 {0x0000000800cf9fb8}
 - instance size:     3
 - klass size:        75
 - access:            final synchronized 
 - state:             allocated
 - name:              'org/springframework/core/annotation/IntrospectionFailureLogger$1'
 - super:             'org/springframework/core/annotation/IntrospectionFailureLogger'
 - sub:               
 - arrays:            NULL
 - methods:           Array<T>(0x000001ddd72d4648)
 - method ordering:   Array<T>(0x00000008008e0170)
 - default_methods:   Array<T>(0x0000000000000000)
 - local interfaces:  Array<T>(0x00000008005af218)
 - trans. interfaces: Array<T>(0x00000008005b52f8)
 - constants:         constant pool [55] {0x000001ddd72d4418} for 'org/springframework/core/annotation/IntrospectionFailureLogger$1'
 - class loader data:  loader data: 0x000001ddd75da670 for instance a 'jdk/internal/loader/ClassLoaders$AppClassLoader'{0x0000000702284400}
 - source file:       'IntrospectionFailureLogger.java'
 - class annotations:       Array<T>(0x0000000000000000)
 - class type annotations:  Array<T>(0x0000000000000000)
 - field annotations:       Array<T>(0x0000000000000000)
 - field type annotations:  Array<T>(0x0000000000000000)
 - inner classes:     Array<T>(0x000001ddd72d48c8)
 - nest members:     Array<T>(0x00000008005af1a8)
 - permitted subclasses:     Array<T>(0x00000008005af1a8)
 - java mirror:       NULL
 - vtable length      9  (start addr: 0x0000000800cfa178)
 - itable length      8 (start addr: 0x0000000800cfa1c0)
 - ---- static fields (0 words):
 - ---- non-static fields (2 words):
 - private final 'ordinal' 'I' @12 
 - private final 'name' 'Ljava/lang/String;' @16 
 - non-static oop maps: 16-16 
R10=0x00007ff88aba0000 VCRUNTIME140.dll
R11=0x000001ddd6b73ab0 points into unknown readable memory: 0x005c003f0000006d | 6d 00 00 00 3f 00 5c 00
R12=0x000001ddd7c4a8c0 is a thread
R13=0x000001ddd7c4a8c0 is a thread
R14=0x0000000800cf9fb0 is a pointer to class: 
org.springframework.core.annotation.IntrospectionFailureLogger$1 {0x0000000800cf9fb8}
 - instance size:     3
 - klass size:        75
 - access:            final synchronized 
 - state:             allocated
 - name:              'org/springframework/core/annotation/IntrospectionFailureLogger$1'
 - super:             'org/springframework/core/annotation/IntrospectionFailureLogger'
 - sub:               
 - arrays:            NULL
 - methods:           Array<T>(0x000001ddd72d4648)
 - method ordering:   Array<T>(0x00000008008e0170)
 - default_methods:   Array<T>(0x0000000000000000)
 - local interfaces:  Array<T>(0x00000008005af218)
 - trans. interfaces: Array<T>(0x00000008005b52f8)
 - constants:         constant pool [55] {0x000001ddd72d4418} for 'org/springframework/core/annotation/IntrospectionFailureLogger$1'
 - class loader data:  loader data: 0x000001ddd75da670 for instance a 'jdk/internal/loader/ClassLoaders$AppClassLoader'{0x0000000702284400}
 - source file:       'IntrospectionFailureLogger.java'
 - class annotations:       Array<T>(0x0000000000000000)
 - class type annotations:  Array<T>(0x0000000000000000)
 - field annotations:       Array<T>(0x0000000000000000)
 - field type annotations:  Array<T>(0x0000000000000000)
 - inner classes:     Array<T>(0x000001ddd72d48c8)
 - nest members:     Array<T>(0x00000008005af1a8)
 - permitted subclasses:     Array<T>(0x00000008005af1a8)
 - java mirror:       NULL
 - vtable length      9  (start addr: 0x0000000800cfa178)
 - itable length      8 (start addr: 0x0000000800cfa1c0)
 - ---- static fields (0 words):
 - ---- non-static fields (2 words):
 - private final 'ordinal' 'I' @12 
 - private final 'name' 'Ljava/lang/String;' @16 
 - non-static oop maps: 16-16 
R15=0x0000000800cf9fb0 is a pointer to class: 
org.springframework.core.annotation.IntrospectionFailureLogger$1 {0x0000000800cf9fb8}
 - instance size:     3
 - klass size:        75
 - access:            final synchronized 
 - state:             allocated
 - name:              'org/springframework/core/annotation/IntrospectionFailureLogger$1'
 - super:             'org/springframework/core/annotation/IntrospectionFailureLogger'
 - sub:               
 - arrays:            NULL
 - methods:           Array<T>(0x000001ddd72d4648)
 - method ordering:   Array<T>(0x00000008008e0170)
 - default_methods:   Array<T>(0x0000000000000000)
 - local interfaces:  Array<T>(0x00000008005af218)
 - trans. interfaces: Array<T>(0x00000008005b52f8)
 - constants:         constant pool [55] {0x000001ddd72d4418} for 'org/springframework/core/annotation/IntrospectionFailureLogger$1'
 - class loader data:  loader data: 0x000001ddd75da670 for instance a 'jdk/internal/loader/ClassLoaders$AppClassLoader'{0x0000000702284400}
 - source file:       'IntrospectionFailureLogger.java'
 - class annotations:       Array<T>(0x0000000000000000)
 - class type annotations:  Array<T>(0x0000000000000000)
 - field annotations:       Array<T>(0x0000000000000000)
 - field type annotations:  Array<T>(0x0000000000000000)
 - inner classes:     Array<T>(0x000001ddd72d48c8)
 - nest members:     Array<T>(0x00000008005af1a8)
 - permitted subclasses:     Array<T>(0x00000008005af1a8)
 - java mirror:       NULL
 - vtable length      9  (start addr: 0x0000000800cfa178)
 - itable length      8 (start addr: 0x0000000800cfa1c0)
 - ---- static fields (0 words):
 - ---- non-static fields (2 words):
 - private final 'ordinal' 'I' @12 
 - private final 'name' 'Ljava/lang/String;' @16 
 - non-static oop maps: 16-16 


Registers:
RAX=0x000000000000d80c, RBX=0x0000000000000001, RCX=0x000001ddd72cfaf8, RDX=0x000000000000003a
RSP=0x000000829a5fc178, RBP=0x000000000000003a, RSI=0x0000000000000006, RDI=0x0000000800cf9d58
R8 =0x0000000000000003, R9 =0x0000000800cf9fb0, R10=0x00007ff88aba0000, R11=0x000001ddd6b73ab0
R12=0x000001ddd7c4a8c0, R13=0x000001ddd7c4a8c0, R14=0x0000000800cf9fb0, R15=0x0000000800cf9fb0
RIP=0x00007ff848f2aff8, EFLAGS=0x0000000000010297

Top of Stack: (sp=0x000000829a5fc178)
0x000000829a5fc178:   00007ff84905aed2 000001ddd75e4c70
0x000000829a5fc188:   000001ddd7c4a8c0 000000829a5fc7e0
0x000000829a5fc198:   000001ddd85ff376 0000000800cf9fb0
0x000000829a5fc1a8:   0000000800cf9d58 00000008005af218
0x000000829a5fc1b8:   000001ddd72d4648 000000829a5fc4a0
0x000000829a5fc1c8:   00007ff848eceaba 000001ddd85ff376
0x000000829a5fc1d8:   000000829a5fc7e0 000001ddd7c4a8c0
0x000000829a5fc1e8:   000001ddd7c4a8c0 000001ddd80d74c0
0x000000829a5fc1f8:   00007ff849368e2f 000001ddbe9a0d10
0x000000829a5fc208:   000001ddd85ff300 000000829a5fc4a0
0x000000829a5fc218:   0000000000000000 0000000800cf9fb0
0x000000829a5fc228:   000001ddd7c4a8c0 0000000800cf9fb0
0x000000829a5fc238:   00007ff849229fce 000001ddd72d4648
0x000000829a5fc248:   000000829a5fc270 000000829a5fc7e0
0x000000829a5fc258:   00000008005af218 00007ff849617a38
0x000000829a5fc268:   0000000200000002 00007ff849617a48 

Instructions: (pc=0x00007ff848f2aff8)
0x00007ff848f2aef8:   48 8b 49 18 e8 9f ac 31 00 48 83 7e 08 00 48 8b
0x00007ff848f2af08:   7c 24 70 48 8b 6c 24 60 74 37 4c 8b ce 41 b0 64
0x00007ff848f2af18:   41 8b d4 49 8b ce e8 bd 1c 00 00 48 83 7e 08 00
0x00007ff848f2af28:   0f 85 87 00 00 00 49 8b 0e 8b 54 24 68 48 8b 41
0x00007ff848f2af38:   28 48 8b 44 d0 08 48 83 c4 38 41 5e 41 5c 5e 5b
0x00007ff848f2af48:   c3 48 83 3d e7 2b 8a 00 00 74 0b 48 8b d3 49 8b
0x00007ff848f2af58:   ce e8 52 22 00 00 8b 44 24 68 41 b9 07 00 00 00
0x00007ff848f2af68:   48 8d 14 c5 00 00 00 00 49 8b 06 48 8b 48 28 48
0x00007ff848f2af78:   89 5c 11 08 49 8b 06 48 8b 48 08 b0 64 f0 46 0f
0x00007ff848f2af88:   b0 4c 21 04 3c 67 75 32 49 8b 06 4c 8b c6 48 8b
0x00007ff848f2af98:   48 28 48 c7 44 11 08 00 00 00 00 41 8b d4 49 8b
0x00007ff848f2afa8:   ce e8 52 20 00 00 48 83 7e 08 00 74 0d 33 c0 48
0x00007ff848f2afb8:   83 c4 38 41 5e 41 5c 5e 5b c3 48 8b c3 48 83 c4
0x00007ff848f2afc8:   38 41 5e 41 5c 5e 5b c3 48 8b 41 28 4c 63 ca 42
0x00007ff848f2afd8:   0f b7 54 c9 48 4c 89 44 d0 08 48 8b 41 08 42 c6
0x00007ff848f2afe8:   44 08 04 07 c3 cc cc cc 48 63 c2 0f b7 44 c1 4a
0x00007ff848f2aff8:   48 8b 44 c1 48 c3 cc cc 49 63 c0 44 0f b7 44 c1
0x00007ff848f2b008:   4a 48 8b 42 18 4a 39 44 c1 48 0f 94 c0 c3 cc cc
0x00007ff848f2b018:   cc cc cc cc cc cc cc cc 48 89 5c 24 10 48 89 74
0x00007ff848f2b028:   24 18 57 48 83 ec 30 48 63 da 49 8b f0 48 8b f9
0x00007ff848f2b038:   85 d2 79 24 4c 8d 0d a5 29 6a 00 ba b4 02 00 00
0x00007ff848f2b048:   4c 8d 05 d1 29 6a 00 48 8d 0d 3a 29 6a 00 e8 95
0x00007ff848f2b058:   79 00 00 e8 30 45 43 00 48 8b 4f 10 48 85 c9 74
0x00007ff848f2b068:   0f 48 8d 43 01 48 c1 e0 05 48 8b 04 08 0f b7 d8
0x00007ff848f2b078:   48 63 c3 48 8d 54 24 40 48 89 7c 24 20 48 89 74
0x00007ff848f2b088:   24 28 48 8b 8e 40 02 00 00 8b 5c c7 48 48 89 7c
0x00007ff848f2b098:   24 40 e8 61 f9 dc ff 0f b7 d3 48 8d 4c 24 20 4c
0x00007ff848f2b0a8:   8b c6 e8 f1 fb ff ff 48 8d 4c 24 20 48 8b d8 e8
0x00007ff848f2b0b8:   d4 be 10 00 48 8b 74 24 50 48 8b c3 48 8b 5c 24
0x00007ff848f2b0c8:   48 48 83 c4 30 5f c3 cc 48 89 5c 24 08 57 48 83
0x00007ff848f2b0d8:   ec 20 48 63 fa 48 8b d9 85 d2 79 24 4c 8d 0d fd
0x00007ff848f2b0e8:   28 6a 00 ba b4 02 00 00 4c 8d 05 29 29 6a 00 48 


Stack slot to memory mapping:
stack at sp + 0 slots: 0x00007ff84905aed2 jvm.dll
stack at sp + 1 slots: 0x000001ddd75e4c70 points into unknown readable memory: 0x0000000000000000 | 00 00 00 00 00 00 00 00
stack at sp + 2 slots: 0x000001ddd7c4a8c0 is a thread
stack at sp + 3 slots: 0x000000829a5fc7e0 is pointing into the stack for thread: 0x000001ddd7c4a8c0
stack at sp + 4 slots: 0x000001ddd85ff376 points into unknown readable memory: 6f 72
stack at sp + 5 slots: 0x0000000800cf9fb0 is a pointer to class: 
org.springframework.core.annotation.IntrospectionFailureLogger$1 {0x0000000800cf9fb8}
 - instance size:     3
 - klass size:        75
 - access:            final synchronized 
 - state:             allocated
 - name:              'org/springframework/core/annotation/IntrospectionFailureLogger$1'
 - super:             'org/springframework/core/annotation/IntrospectionFailureLogger'
 - sub:               
 - arrays:            NULL
 - methods:           Array<T>(0x000001ddd72d4648)
 - method ordering:   Array<T>(0x00000008008e0170)
 - default_methods:   Array<T>(0x0000000000000000)
 - local interfaces:  Array<T>(0x00000008005af218)
 - trans. interfaces: Array<T>(0x00000008005b52f8)
 - constants:         constant pool [55] {0x000001ddd72d4418} for 'org/springframework/core/annotation/IntrospectionFailureLogger$1'
 - class loader data:  loader data: 0x000001ddd75da670 for instance a 'jdk/internal/loader/ClassLoaders$AppClassLoader'{0x0000000702284400}
 - source file:       'IntrospectionFailureLogger.java'
 - class annotations:       Array<T>(0x0000000000000000)
 - class type annotations:  Array<T>(0x0000000000000000)
 - field annotations:       Array<T>(0x0000000000000000)
 - field type annotations:  Array<T>(0x0000000000000000)
 - inner classes:     Array<T>(0x000001ddd72d48c8)
 - nest members:     Array<T>(0x00000008005af1a8)
 - permitted subclasses:     Array<T>(0x00000008005af1a8)
 - java mirror:       NULL
 - vtable length      9  (start addr: 0x0000000800cfa178)
 - itable length      8 (start addr: 0x0000000800cfa1c0)
 - ---- static fields (0 words):
 - ---- non-static fields (2 words):
 - private final 'ordinal' 'I' @12 
 - private final 'name' 'Ljava/lang/String;' @16 
 - non-static oop maps: 16-16 
stack at sp + 6 slots: 0x0000000800cf9d58 is a pointer to class: 
org.springframework.core.annotation.IntrospectionFailureLogger {0x0000000800cf9d60}
 - instance size:     3
 - klass size:        75
 - access:            synchronized abstract 
 - state:             being_initialized
 - name:              'org/springframework/core/annotation/IntrospectionFailureLogger'
 - super:             'java/lang/Enum'
 - sub:               
 - arrays:            NULL
 - methods:           Array<T>(0x000001ddd72d3958)
 - method ordering:   Array<T>(0x00000008008e0170)
 - default_methods:   Array<T>(0x0000000000000000)
 - local interfaces:  Array<T>(0x00000008005af218)
 - trans. interfaces: Array<T>(0x00000008005b52f8)
 - constants:         constant pool [136]/operands[10] {0x000001ddd72cfb00} for 'org/springframework/core/annotation/IntrospectionFailureLogger' cache=0x000001ddd72d4140
 - class loader data:  loader data: 0x000001ddd75da670 for instance a 'jdk/internal/loader/ClassLoaders$AppClassLoader'{0x0000000702284400}
 - source file:       'IntrospectionFailureLogger.java'
 - class annotations:       Array<T>(0x0000000000000000)
 - class type annotations:  Array<T>(0x0000000000000000)
 - field annotations:       Array<T>(0x000001ddd72d38f8)
 - field type annotations:  Array<T>(0x0000000000000000)
 - generic signature: 'Ljava/lang/Enum<Lorg/springframework/core/annotation/IntrospectionFailureLogger;>;'
 - inner classes:     Array<T>(0x000001ddd72d40d8)
 - nest members:     Array<T>(0x000001ddd72d4100)
 - permitted subclasses:     Array<T>(0x000001ddd72d4110)
 - java mirror:       a 'java/lang/Class'{0x0000000710725d10} = 'org/springframework/core/annotation/IntrospectionFailureLogger'
 - vtable length      9  (start addr: 0x0000000800cf9f20)
 - itable length      8 (start addr: 0x0000000800cf9f68)
 - ---- static fields (2 words):
 - public static final 'DEBUG' 'Lorg/springframework/core/annotation/IntrospectionFailureLogger;' @112 
 - public static final 'INFO' 'Lorg/springframework/core/annotation/IntrospectionFailureLogger;' @116 
 - private static 'logger' 'Lorg/apache/commons/logging/Log;' @120 
 - private static final synthetic '$VALUES' '[Lorg/springframework/core/annotation/IntrospectionFailureLogger;' @124 
 - ---- non-static fields (2 words):
 - private final 'ordinal' 'I' @12 
 - private final 'name' 'Ljava/lang/String;' @16 
 - non-static oop maps: 16-16 
stack at sp + 7 slots: 0x00000008005af218 is pointing into metadata


---------------  P R O C E S S  ---------------

Threads class SMR info:
_java_thread_list=0x000001ddd8113180, length=17, elements={
0x000001ddbe9a4620, 0x000001ddd6b6b8b0, 0x000001ddd6b6e730, 0x000001ddd6b7d360,
0x000001ddd6b7e1d0, 0x000001ddd6b82540, 0x000001ddd6b8a7c0, 0x000001ddd6b8b5d0,
0x000001ddd6b8cb10, 0x000001ddd6b53f70, 0x000001ddd75df060, 0x000001ddd7692720,
0x000001ddd768dda0, 0x000001ddd7b40cf0, 0x000001ddbe9a54e0, 0x000001ddd7c4a8c0,
0x000001ddd8653bb0
}

Java Threads: ( => current thread )
  0x000001ddbe9a4620 JavaThread "main" [_thread_blocked, id=6632, stack(0x0000008298b00000,0x0000008298c00000)]
  0x000001ddd6b6b8b0 JavaThread "Reference Handler" daemon [_thread_blocked, id=13232, stack(0x0000008299200000,0x0000008299300000)]
  0x000001ddd6b6e730 JavaThread "Finalizer" daemon [_thread_blocked, id=15416, stack(0x0000008299300000,0x0000008299400000)]
  0x000001ddd6b7d360 JavaThread "Signal Dispatcher" daemon [_thread_blocked, id=17852, stack(0x0000008299400000,0x0000008299500000)]
  0x000001ddd6b7e1d0 JavaThread "Attach Listener" daemon [_thread_blocked, id=12596, stack(0x0000008299500000,0x0000008299600000)]
  0x000001ddd6b82540 JavaThread "Service Thread" daemon [_thread_blocked, id=20204, stack(0x0000008299600000,0x0000008299700000)]
  0x000001ddd6b8a7c0 JavaThread "Monitor Deflation Thread" daemon [_thread_blocked, id=14888, stack(0x0000008299700000,0x0000008299800000)]
  0x000001ddd6b8b5d0 JavaThread "C1 CompilerThread0" daemon [_thread_blocked, id=11604, stack(0x0000008299800000,0x0000008299900000)]
  0x000001ddd6b8cb10 JavaThread "Sweeper thread" daemon [_thread_blocked, id=18100, stack(0x0000008299900000,0x0000008299a00000)]
  0x000001ddd6b53f70 JavaThread "Common-Cleaner" daemon [_thread_blocked, id=10480, stack(0x0000008299a00000,0x0000008299b00000)]
  0x000001ddd75df060 JavaThread "C1 CompilerThread1" daemon [_thread_blocked, id=17192, stack(0x0000008299b00000,0x0000008299c00000)]
  0x000001ddd7692720 JavaThread "C1 CompilerThread2" daemon [_thread_blocked, id=16996, stack(0x0000008299c00000,0x0000008299d00000)]
  0x000001ddd768dda0 JavaThread "Notification Thread" daemon [_thread_blocked, id=20128, stack(0x0000008299d00000,0x0000008299e00000)]
  0x000001ddd7b40cf0 JavaThread "RMI TCP Accept-0" daemon [_thread_in_native, id=16936, stack(0x000000829a200000,0x000000829a300000)]
  0x000001ddbe9a54e0 JavaThread "Monitor Ctrl-Break" daemon [_thread_in_native, id=6356, stack(0x000000829a400000,0x000000829a500000)]
=>0x000001ddd7c4a8c0 JavaThread "Thread-2" [_thread_in_vm, id=1004, stack(0x000000829a500000,0x000000829a600000)]
  0x000001ddd8653bb0 JavaThread "Monitor Ctrl-Break" daemon [_thread_in_native, id=6964, stack(0x000000829a700000,0x000000829a800000)]

Other Threads:
  0x000001ddd6b624f0 VMThread "VM Thread" [stack: 0x0000008299100000,0x0000008299200000] [id=1112]
  0x000001ddbea10580 WatcherThread [stack: 0x000000829a300000,0x000000829a400000] [id=11312]
  0x000001ddbe9c2970 GCTaskThread "GC Thread#0" [stack: 0x0000008298c00000,0x0000008298d00000] [id=4696]
  0x000001ddd7abd990 GCTaskThread "GC Thread#1" [stack: 0x0000008299e00000,0x0000008299f00000] [id=12416]
  0x000001ddd7abf1c0 GCTaskThread "GC Thread#2" [stack: 0x0000008299f00000,0x000000829a000000] [id=19768]
  0x000001ddd7abf470 GCTaskThread "GC Thread#3" [stack: 0x000000829a000000,0x000000829a100000] [id=5388]
  0x000001ddbe9c3760 ConcurrentGCThread "G1 Main Marker" [stack: 0x0000008298d00000,0x0000008298e00000] [id=1012]
  0x000001ddbea09530 ConcurrentGCThread "G1 Conc#0" [stack: 0x0000008298e00000,0x0000008298f00000] [id=12104]
  0x000001ddd6a220c0 ConcurrentGCThread "G1 Refine#0" [stack: 0x0000008298f00000,0x0000008299000000] [id=17788]
  0x000001ddd7adc3f0 ConcurrentGCThread "G1 Refine#1" [stack: 0x000000829a100000,0x000000829a200000] [id=17956]
  0x000001ddd6a22ae0 ConcurrentGCThread "G1 Service" [stack: 0x0000008299000000,0x0000008299100000] [id=616]

Threads with active compile tasks:

VM state: not at safepoint (normal execution)

VM Mutex/Monitor currently owned by a thread: None

Heap address: 0x0000000701e00000, size: 4066 MB, Compressed Oops mode: Zero based, Oop shift amount: 3

CDS archive(s) mapped at: [0x0000000800000000-0x0000000800bc0000-0x0000000800bc0000), size 12320768, SharedBaseAddress: 0x0000000800000000, ArchiveRelocationMode: 0.
Compressed class space mapped at: 0x0000000800c00000-0x0000000840c00000, reserved size: 1073741824
Narrow klass base: 0x0000000800000000, Narrow klass shift: 0, Narrow klass range: 0x100000000

GC Precious Log:
 CPUs: 4 total, 4 available
 Memory: 16263M
 Large Page Support: Disabled
 NUMA Support: Disabled
 Compressed Oops: Enabled (Zero based)
 Heap Region Size: 2M
 Heap Min Capacity: 8M
 Heap Initial Capacity: 256M
 Heap Max Capacity: 4066M
 Pre-touch: Disabled
 Parallel Workers: 4
 Concurrent Workers: 1
 Concurrent Refinement Workers: 4
 Periodic GC: Disabled

Heap:
 garbage-first heap   total 262144K, used 31625K [0x0000000701e00000, 0x0000000800000000)
  region size 2048K, 15 young (30720K), 3 survivors (6144K)
 Metaspace       used 7796K, committed 8000K, reserved 1056768K
  class space    used 916K, committed 1024K, reserved 1048576K

Heap Regions: E=young(eden), S=young(survivor), O=old, HS=humongous(starts), HC=humongous(continues), CS=collection set, F=free, OA=open archive, CA=closed archive, TAMS=top-at-mark-start (previous, next)
|   0|0x0000000701e00000, 0x0000000702000000, 0x0000000702000000|100%| O|  |TAMS 0x0000000701e00000, 0x0000000701e00000| Untracked 
|   1|0x0000000702000000, 0x0000000702200000, 0x0000000702200000|100%| O|  |TAMS 0x0000000702000000, 0x0000000702000000| Untracked 
|   2|0x0000000702200000, 0x0000000702400000, 0x0000000702400000|100%| O|  |TAMS 0x0000000702200000, 0x0000000702200000| Untracked 
|   3|0x0000000702400000, 0x00000007024a3a00, 0x0000000702600000| 31%| O|  |TAMS 0x0000000702400000, 0x0000000702400000| Untracked 
|   4|0x0000000702600000, 0x0000000702600000, 0x0000000702800000|  0%| F|  |TAMS 0x0000000702600000, 0x0000000702600000| Untracked 
|   5|0x0000000702800000, 0x0000000702800000, 0x0000000702a00000|  0%| F|  |TAMS 0x0000000702800000, 0x0000000702800000| Untracked 
|   6|0x0000000702a00000, 0x0000000702a00000, 0x0000000702c00000|  0%| F|  |TAMS 0x0000000702a00000, 0x0000000702a00000| Untracked 
|   7|0x0000000702c00000, 0x0000000702c00000, 0x0000000702e00000|  0%| F|  |TAMS 0x0000000702c00000, 0x0000000702c00000| Untracked 
|   8|0x0000000702e00000, 0x0000000702e00000, 0x0000000703000000|  0%| F|  |TAMS 0x0000000702e00000, 0x0000000702e00000| Untracked 
|   9|0x0000000703000000, 0x0000000703000000, 0x0000000703200000|  0%| F|  |TAMS 0x0000000703000000, 0x0000000703000000| Untracked 
|  10|0x0000000703200000, 0x0000000703200000, 0x0000000703400000|  0%| F|  |TAMS 0x0000000703200000, 0x0000000703200000| Untracked 
|  11|0x0000000703400000, 0x0000000703400000, 0x0000000703600000|  0%| F|  |TAMS 0x0000000703400000, 0x0000000703400000| Untracked 
|  12|0x0000000703600000, 0x0000000703600000, 0x0000000703800000|  0%| F|  |TAMS 0x0000000703600000, 0x0000000703600000| Untracked 
|  13|0x0000000703800000, 0x0000000703800000, 0x0000000703a00000|  0%| F|  |TAMS 0x0000000703800000, 0x0000000703800000| Untracked 
|  14|0x0000000703a00000, 0x0000000703a00000, 0x0000000703c00000|  0%| F|  |TAMS 0x0000000703a00000, 0x0000000703a00000| Untracked 
|  15|0x0000000703c00000, 0x0000000703c00000, 0x0000000703e00000|  0%| F|  |TAMS 0x0000000703c00000, 0x0000000703c00000| Untracked 
|  16|0x0000000703e00000, 0x0000000703e00000, 0x0000000704000000|  0%| F|  |TAMS 0x0000000703e00000, 0x0000000703e00000| Untracked 
|  17|0x0000000704000000, 0x0000000704000000, 0x0000000704200000|  0%| F|  |TAMS 0x0000000704000000, 0x0000000704000000| Untracked 
|  18|0x0000000704200000, 0x0000000704200000, 0x0000000704400000|  0%| F|  |TAMS 0x0000000704200000, 0x0000000704200000| Untracked 
|  19|0x0000000704400000, 0x0000000704400000, 0x0000000704600000|  0%| F|  |TAMS 0x0000000704400000, 0x0000000704400000| Untracked 
|  20|0x0000000704600000, 0x0000000704600000, 0x0000000704800000|  0%| F|  |TAMS 0x0000000704600000, 0x0000000704600000| Untracked 
|  21|0x0000000704800000, 0x0000000704800000, 0x0000000704a00000|  0%| F|  |TAMS 0x0000000704800000, 0x0000000704800000| Untracked 
|  22|0x0000000704a00000, 0x0000000704a00000, 0x0000000704c00000|  0%| F|  |TAMS 0x0000000704a00000, 0x0000000704a00000| Untracked 
|  23|0x0000000704c00000, 0x0000000704c00000, 0x0000000704e00000|  0%| F|  |TAMS 0x0000000704c00000, 0x0000000704c00000| Untracked 
|  24|0x0000000704e00000, 0x0000000704e00000, 0x0000000705000000|  0%| F|  |TAMS 0x0000000704e00000, 0x0000000704e00000| Untracked 
|  25|0x0000000705000000, 0x0000000705000000, 0x0000000705200000|  0%| F|  |TAMS 0x0000000705000000, 0x0000000705000000| Untracked 
|  26|0x0000000705200000, 0x0000000705200000, 0x0000000705400000|  0%| F|  |TAMS 0x0000000705200000, 0x0000000705200000| Untracked 
|  27|0x0000000705400000, 0x0000000705400000, 0x0000000705600000|  0%| F|  |TAMS 0x0000000705400000, 0x0000000705400000| Untracked 
|  28|0x0000000705600000, 0x0000000705600000, 0x0000000705800000|  0%| F|  |TAMS 0x0000000705600000, 0x0000000705600000| Untracked 
|  29|0x0000000705800000, 0x0000000705800000, 0x0000000705a00000|  0%| F|  |TAMS 0x0000000705800000, 0x0000000705800000| Untracked 
|  30|0x0000000705a00000, 0x0000000705a00000, 0x0000000705c00000|  0%| F|  |TAMS 0x0000000705a00000, 0x0000000705a00000| Untracked 
|  31|0x0000000705c00000, 0x0000000705c00000, 0x0000000705e00000|  0%| F|  |TAMS 0x0000000705c00000, 0x0000000705c00000| Untracked 
|  32|0x0000000705e00000, 0x0000000705e00000, 0x0000000706000000|  0%| F|  |TAMS 0x0000000705e00000, 0x0000000705e00000| Untracked 
|  33|0x0000000706000000, 0x0000000706000000, 0x0000000706200000|  0%| F|  |TAMS 0x0000000706000000, 0x0000000706000000| Untracked 
|  34|0x0000000706200000, 0x0000000706200000, 0x0000000706400000|  0%| F|  |TAMS 0x0000000706200000, 0x0000000706200000| Untracked 
|  35|0x0000000706400000, 0x0000000706400000, 0x0000000706600000|  0%| F|  |TAMS 0x0000000706400000, 0x0000000706400000| Untracked 
|  36|0x0000000706600000, 0x0000000706600000, 0x0000000706800000|  0%| F|  |TAMS 0x0000000706600000, 0x0000000706600000| Untracked 
|  37|0x0000000706800000, 0x0000000706800000, 0x0000000706a00000|  0%| F|  |TAMS 0x0000000706800000, 0x0000000706800000| Untracked 
|  38|0x0000000706a00000, 0x0000000706a00000, 0x0000000706c00000|  0%| F|  |TAMS 0x0000000706a00000, 0x0000000706a00000| Untracked 
|  39|0x0000000706c00000, 0x0000000706c00000, 0x0000000706e00000|  0%| F|  |TAMS 0x0000000706c00000, 0x0000000706c00000| Untracked 
|  40|0x0000000706e00000, 0x0000000706e00000, 0x0000000707000000|  0%| F|  |TAMS 0x0000000706e00000, 0x0000000706e00000| Untracked 
|  41|0x0000000707000000, 0x0000000707000000, 0x0000000707200000|  0%| F|  |TAMS 0x0000000707000000, 0x0000000707000000| Untracked 
|  42|0x0000000707200000, 0x0000000707200000, 0x0000000707400000|  0%| F|  |TAMS 0x0000000707200000, 0x0000000707200000| Untracked 
|  43|0x0000000707400000, 0x0000000707400000, 0x0000000707600000|  0%| F|  |TAMS 0x0000000707400000, 0x0000000707400000| Untracked 
|  44|0x0000000707600000, 0x0000000707600000, 0x0000000707800000|  0%| F|  |TAMS 0x0000000707600000, 0x0000000707600000| Untracked 
|  45|0x0000000707800000, 0x0000000707800000, 0x0000000707a00000|  0%| F|  |TAMS 0x0000000707800000, 0x0000000707800000| Untracked 
|  46|0x0000000707a00000, 0x0000000707a00000, 0x0000000707c00000|  0%| F|  |TAMS 0x0000000707a00000, 0x0000000707a00000| Untracked 
|  47|0x0000000707c00000, 0x0000000707c00000, 0x0000000707e00000|  0%| F|  |TAMS 0x0000000707c00000, 0x0000000707c00000| Untracked 
|  48|0x0000000707e00000, 0x0000000707e00000, 0x0000000708000000|  0%| F|  |TAMS 0x0000000707e00000, 0x0000000707e00000| Untracked 
|  49|0x0000000708000000, 0x0000000708000000, 0x0000000708200000|  0%| F|  |TAMS 0x0000000708000000, 0x0000000708000000| Untracked 
|  50|0x0000000708200000, 0x0000000708200000, 0x0000000708400000|  0%| F|  |TAMS 0x0000000708200000, 0x0000000708200000| Untracked 
|  51|0x0000000708400000, 0x0000000708400000, 0x0000000708600000|  0%| F|  |TAMS 0x0000000708400000, 0x0000000708400000| Untracked 
|  52|0x0000000708600000, 0x0000000708600000, 0x0000000708800000|  0%| F|  |TAMS 0x0000000708600000, 0x0000000708600000| Untracked 
|  53|0x0000000708800000, 0x0000000708800000, 0x0000000708a00000|  0%| F|  |TAMS 0x0000000708800000, 0x0000000708800000| Untracked 
|  54|0x0000000708a00000, 0x0000000708a00000, 0x0000000708c00000|  0%| F|  |TAMS 0x0000000708a00000, 0x0000000708a00000| Untracked 
|  55|0x0000000708c00000, 0x0000000708c00000, 0x0000000708e00000|  0%| F|  |TAMS 0x0000000708c00000, 0x0000000708c00000| Untracked 
|  56|0x0000000708e00000, 0x0000000708e00000, 0x0000000709000000|  0%| F|  |TAMS 0x0000000708e00000, 0x0000000708e00000| Untracked 
|  57|0x0000000709000000, 0x0000000709000000, 0x0000000709200000|  0%| F|  |TAMS 0x0000000709000000, 0x0000000709000000| Untracked 
|  58|0x0000000709200000, 0x0000000709200000, 0x0000000709400000|  0%| F|  |TAMS 0x0000000709200000, 0x0000000709200000| Untracked 
|  59|0x0000000709400000, 0x0000000709400000, 0x0000000709600000|  0%| F|  |TAMS 0x0000000709400000, 0x0000000709400000| Untracked 
|  60|0x0000000709600000, 0x0000000709600000, 0x0000000709800000|  0%| F|  |TAMS 0x0000000709600000, 0x0000000709600000| Untracked 
|  61|0x0000000709800000, 0x0000000709800000, 0x0000000709a00000|  0%| F|  |TAMS 0x0000000709800000, 0x0000000709800000| Untracked 
|  62|0x0000000709a00000, 0x0000000709a00000, 0x0000000709c00000|  0%| F|  |TAMS 0x0000000709a00000, 0x0000000709a00000| Untracked 
|  63|0x0000000709c00000, 0x0000000709c00000, 0x0000000709e00000|  0%| F|  |TAMS 0x0000000709c00000, 0x0000000709c00000| Untracked 
|  64|0x0000000709e00000, 0x0000000709e00000, 0x000000070a000000|  0%| F|  |TAMS 0x0000000709e00000, 0x0000000709e00000| Untracked 
|  65|0x000000070a000000, 0x000000070a000000, 0x000000070a200000|  0%| F|  |TAMS 0x000000070a000000, 0x000000070a000000| Untracked 
|  66|0x000000070a200000, 0x000000070a200000, 0x000000070a400000|  0%| F|  |TAMS 0x000000070a200000, 0x000000070a200000| Untracked 
|  67|0x000000070a400000, 0x000000070a400000, 0x000000070a600000|  0%| F|  |TAMS 0x000000070a400000, 0x000000070a400000| Untracked 
|  68|0x000000070a600000, 0x000000070a600000, 0x000000070a800000|  0%| F|  |TAMS 0x000000070a600000, 0x000000070a600000| Untracked 
|  69|0x000000070a800000, 0x000000070a800000, 0x000000070aa00000|  0%| F|  |TAMS 0x000000070a800000, 0x000000070a800000| Untracked 
|  70|0x000000070aa00000, 0x000000070aa00000, 0x000000070ac00000|  0%| F|  |TAMS 0x000000070aa00000, 0x000000070aa00000| Untracked 
|  71|0x000000070ac00000, 0x000000070ac00000, 0x000000070ae00000|  0%| F|  |TAMS 0x000000070ac00000, 0x000000070ac00000| Untracked 
|  72|0x000000070ae00000, 0x000000070ae00000, 0x000000070b000000|  0%| F|  |TAMS 0x000000070ae00000, 0x000000070ae00000| Untracked 
|  73|0x000000070b000000, 0x000000070b000000, 0x000000070b200000|  0%| F|  |TAMS 0x000000070b000000, 0x000000070b000000| Untracked 
|  74|0x000000070b200000, 0x000000070b200000, 0x000000070b400000|  0%| F|  |TAMS 0x000000070b200000, 0x000000070b200000| Untracked 
|  75|0x000000070b400000, 0x000000070b43ed20, 0x000000070b600000| 12%| S|CS|TAMS 0x000000070b400000, 0x000000070b400000| Complete 
|  76|0x000000070b600000, 0x000000070b800000, 0x000000070b800000|100%| S|CS|TAMS 0x000000070b600000, 0x000000070b600000| Complete 
|  77|0x000000070b800000, 0x000000070ba00000, 0x000000070ba00000|100%| S|CS|TAMS 0x000000070b800000, 0x000000070b800000| Complete 
|  78|0x000000070ba00000, 0x000000070ba00000, 0x000000070bc00000|  0%| F|  |TAMS 0x000000070ba00000, 0x000000070ba00000| Untracked 
|  79|0x000000070bc00000, 0x000000070bc00000, 0x000000070be00000|  0%| F|  |TAMS 0x000000070bc00000, 0x000000070bc00000| Untracked 
|  80|0x000000070be00000, 0x000000070be00000, 0x000000070c000000|  0%| F|  |TAMS 0x000000070be00000, 0x000000070be00000| Untracked 
|  81|0x000000070c000000, 0x000000070c000000, 0x000000070c200000|  0%| F|  |TAMS 0x000000070c000000, 0x000000070c000000| Untracked 
|  82|0x000000070c200000, 0x000000070c200000, 0x000000070c400000|  0%| F|  |TAMS 0x000000070c200000, 0x000000070c200000| Untracked 
|  83|0x000000070c400000, 0x000000070c400000, 0x000000070c600000|  0%| F|  |TAMS 0x000000070c400000, 0x000000070c400000| Untracked 
|  84|0x000000070c600000, 0x000000070c600000, 0x000000070c800000|  0%| F|  |TAMS 0x000000070c600000, 0x000000070c600000| Untracked 
|  85|0x000000070c800000, 0x000000070c800000, 0x000000070ca00000|  0%| F|  |TAMS 0x000000070c800000, 0x000000070c800000| Untracked 
|  86|0x000000070ca00000, 0x000000070ca00000, 0x000000070cc00000|  0%| F|  |TAMS 0x000000070ca00000, 0x000000070ca00000| Untracked 
|  87|0x000000070cc00000, 0x000000070cc00000, 0x000000070ce00000|  0%| F|  |TAMS 0x000000070cc00000, 0x000000070cc00000| Untracked 
|  88|0x000000070ce00000, 0x000000070ce00000, 0x000000070d000000|  0%| F|  |TAMS 0x000000070ce00000, 0x000000070ce00000| Untracked 
|  89|0x000000070d000000, 0x000000070d000000, 0x000000070d200000|  0%| F|  |TAMS 0x000000070d000000, 0x000000070d000000| Untracked 
|  90|0x000000070d200000, 0x000000070d200000, 0x000000070d400000|  0%| F|  |TAMS 0x000000070d200000, 0x000000070d200000| Untracked 
|  91|0x000000070d400000, 0x000000070d400000, 0x000000070d600000|  0%| F|  |TAMS 0x000000070d400000, 0x000000070d400000| Untracked 
|  92|0x000000070d600000, 0x000000070d600000, 0x000000070d800000|  0%| F|  |TAMS 0x000000070d600000, 0x000000070d600000| Untracked 
|  93|0x000000070d800000, 0x000000070d800000, 0x000000070da00000|  0%| F|  |TAMS 0x000000070d800000, 0x000000070d800000| Untracked 
|  94|0x000000070da00000, 0x000000070da00000, 0x000000070dc00000|  0%| F|  |TAMS 0x000000070da00000, 0x000000070da00000| Untracked 
|  95|0x000000070dc00000, 0x000000070dc00000, 0x000000070de00000|  0%| F|  |TAMS 0x000000070dc00000, 0x000000070dc00000| Untracked 
|  96|0x000000070de00000, 0x000000070de00000, 0x000000070e000000|  0%| F|  |TAMS 0x000000070de00000, 0x000000070de00000| Untracked 
|  97|0x000000070e000000, 0x000000070e000000, 0x000000070e200000|  0%| F|  |TAMS 0x000000070e000000, 0x000000070e000000| Untracked 
|  98|0x000000070e200000, 0x000000070e200000, 0x000000070e400000|  0%| F|  |TAMS 0x000000070e200000, 0x000000070e200000| Untracked 
|  99|0x000000070e400000, 0x000000070e400000, 0x000000070e600000|  0%| F|  |TAMS 0x000000070e400000, 0x000000070e400000| Untracked 
| 100|0x000000070e600000, 0x000000070e600000, 0x000000070e800000|  0%| F|  |TAMS 0x000000070e600000, 0x000000070e600000| Untracked 
| 101|0x000000070e800000, 0x000000070e800000, 0x000000070ea00000|  0%| F|  |TAMS 0x000000070e800000, 0x000000070e800000| Untracked 
| 102|0x000000070ea00000, 0x000000070ea00000, 0x000000070ec00000|  0%| F|  |TAMS 0x000000070ea00000, 0x000000070ea00000| Untracked 
| 103|0x000000070ec00000, 0x000000070ec00000, 0x000000070ee00000|  0%| F|  |TAMS 0x000000070ec00000, 0x000000070ec00000| Untracked 
| 104|0x000000070ee00000, 0x000000070ee00000, 0x000000070f000000|  0%| F|  |TAMS 0x000000070ee00000, 0x000000070ee00000| Untracked 
| 105|0x000000070f000000, 0x000000070f000000, 0x000000070f200000|  0%| F|  |TAMS 0x000000070f000000, 0x000000070f000000| Untracked 
| 106|0x000000070f200000, 0x000000070f200000, 0x000000070f400000|  0%| F|  |TAMS 0x000000070f200000, 0x000000070f200000| Untracked 
| 107|0x000000070f400000, 0x000000070f400000, 0x000000070f600000|  0%| F|  |TAMS 0x000000070f400000, 0x000000070f400000| Untracked 
| 108|0x000000070f600000, 0x000000070f600000, 0x000000070f800000|  0%| F|  |TAMS 0x000000070f600000, 0x000000070f600000| Untracked 
| 109|0x000000070f800000, 0x000000070f800000, 0x000000070fa00000|  0%| F|  |TAMS 0x000000070f800000, 0x000000070f800000| Untracked 
| 110|0x000000070fa00000, 0x000000070fa00000, 0x000000070fc00000|  0%| F|  |TAMS 0x000000070fa00000, 0x000000070fa00000| Untracked 
| 111|0x000000070fc00000, 0x000000070fc00000, 0x000000070fe00000|  0%| F|  |TAMS 0x000000070fc00000, 0x000000070fc00000| Untracked 
| 112|0x000000070fe00000, 0x000000070fe00000, 0x0000000710000000|  0%| F|  |TAMS 0x000000070fe00000, 0x000000070fe00000| Untracked 
| 113|0x0000000710000000, 0x0000000710000000, 0x0000000710200000|  0%| F|  |TAMS 0x0000000710000000, 0x0000000710000000| Untracked 
| 114|0x0000000710200000, 0x0000000710200000, 0x0000000710400000|  0%| F|  |TAMS 0x0000000710200000, 0x0000000710200000| Untracked 
| 115|0x0000000710400000, 0x0000000710400000, 0x0000000710600000|  0%| F|  |TAMS 0x0000000710400000, 0x0000000710400000| Untracked 
| 116|0x0000000710600000, 0x0000000710800000, 0x0000000710800000|100%| E|  |TAMS 0x0000000710600000, 0x0000000710600000| Complete 
| 117|0x0000000710800000, 0x0000000710a00000, 0x0000000710a00000|100%| E|CS|TAMS 0x0000000710800000, 0x0000000710800000| Complete 
| 118|0x0000000710a00000, 0x0000000710c00000, 0x0000000710c00000|100%| E|CS|TAMS 0x0000000710a00000, 0x0000000710a00000| Complete 
| 119|0x0000000710c00000, 0x0000000710e00000, 0x0000000710e00000|100%| E|CS|TAMS 0x0000000710c00000, 0x0000000710c00000| Complete 
| 120|0x0000000710e00000, 0x0000000711000000, 0x0000000711000000|100%| E|CS|TAMS 0x0000000710e00000, 0x0000000710e00000| Complete 
| 121|0x0000000711000000, 0x0000000711200000, 0x0000000711200000|100%| E|CS|TAMS 0x0000000711000000, 0x0000000711000000| Complete 
| 122|0x0000000711200000, 0x0000000711400000, 0x0000000711400000|100%| E|CS|TAMS 0x0000000711200000, 0x0000000711200000| Complete 
| 123|0x0000000711400000, 0x0000000711600000, 0x0000000711600000|100%| E|CS|TAMS 0x0000000711400000, 0x0000000711400000| Complete 
| 124|0x0000000711600000, 0x0000000711800000, 0x0000000711800000|100%| E|CS|TAMS 0x0000000711600000, 0x0000000711600000| Complete 
| 125|0x0000000711800000, 0x0000000711a00000, 0x0000000711a00000|100%| E|CS|TAMS 0x0000000711800000, 0x0000000711800000| Complete 
| 126|0x0000000711a00000, 0x0000000711c00000, 0x0000000711c00000|100%| E|  |TAMS 0x0000000711a00000, 0x0000000711a00000| Complete 
| 127|0x0000000711c00000, 0x0000000711e00000, 0x0000000711e00000|100%| E|CS|TAMS 0x0000000711c00000, 0x0000000711c00000| Complete 

Card table byte_map: [0x000001ddcb610000,0x000001ddcbe10000] _byte_map_base: 0x000001ddc7e01000

Marking Bits (Prev, Next): (CMBitMap*) 0x000001ddbe9c2d90, (CMBitMap*) 0x000001ddbe9c2dd0
 Prev Bits: [0x000001ddcc610000, 0x000001ddd0598000)
 Next Bits: [0x000001ddd05a0000, 0x000001ddd4528000)

Polling page: 0x000001ddc7950000

Metaspace:

Usage:
  Non-class:      6.72 MB used.
      Class:    916.96 KB used.
       Both:      7.61 MB used.

Virtual space:
  Non-class space:        8.00 MB reserved,       6.81 MB ( 85%) committed,  1 nodes.
      Class space:        1.00 GB reserved,       1.00 MB ( <1%) committed,  1 nodes.
             Both:        1.01 GB reserved,       7.81 MB ( <1%) committed. 

Chunk freelists:
   Non-Class:  1.16 MB
       Class:  3.02 MB
        Both:  4.17 MB

MaxMetaspaceSize: unlimited
CompressedClassSpaceSize: 1.00 GB
Initial GC threshold: 21.00 MB
Current GC threshold: 21.00 MB
CDS: on
MetaspaceReclaimPolicy: balanced
 - commit_granule_bytes: 65536.
 - commit_granule_words: 8192.
 - virtual_space_node_default_size: 1048576.
 - enlarge_chunks_in_place: 1.
 - new_chunks_are_fully_committed: 0.
 - uncommit_free_chunks: 1.
 - use_allocation_guard: 0.
 - handle_deallocations: 1.


Internal statistics:

num_allocs_failed_limit: 0.
num_arena_births: 104.
num_arena_deaths: 0.
num_vsnodes_births: 2.
num_vsnodes_deaths: 0.
num_space_committed: 125.
num_space_uncommitted: 0.
num_chunks_returned_to_freelist: 0.
num_chunks_taken_from_freelist: 215.
num_chunk_merges: 0.
num_chunk_splits: 142.
num_chunks_enlarged: 96.
num_purges: 0.
num_inconsistent_stats: 0.

CodeCache: size=49152Kb used=4899Kb max_used=4899Kb free=44252Kb
 bounds [0x000001ddc7970000, 0x000001ddc7e40000, 0x000001ddca970000]
 total_blobs=2120 nmethods=1653 adapters=392
 compilation: enabled
              stopped_count=0, restarted_count=0
 full_count=0

Compilation events (20 events):
Event: 3.735 Thread 0x000001ddd75df060 1644  s!   1       com.intellij.rt.coverage.instrumentation.AbstractIntellijClassfileTransformer::getOrLoadClassReader (130 bytes)
Event: 3.737 Thread 0x000001ddd75df060 nmethod 1644 0x000001ddc7e32c10 code [0x000001ddc7e32ee0, 0x000001ddc7e33a38]
Event: 3.737 Thread 0x000001ddd7692720 1645       1       org.jetbrains.coverage.gnu.trove.THashMap::get (21 bytes)
Event: 3.737 Thread 0x000001ddd7692720 nmethod 1645 0x000001ddc7e34110 code [0x000001ddc7e342c0, 0x000001ddc7e34428]
Event: 3.737 Thread 0x000001ddd6b8b5d0 1646       1       org.jetbrains.coverage.gnu.trove.TObjectHash::index (137 bytes)
Event: 3.738 Thread 0x000001ddd6b8b5d0 nmethod 1646 0x000001ddc7e34510 code [0x000001ddc7e346e0, 0x000001ddc7e34b68]
Event: 3.753 Thread 0x000001ddd75df060 1647       1       org.jetbrains.coverage.org.objectweb.asm.AnnotationWriter::putAnnotations (110 bytes)
Event: 3.754 Thread 0x000001ddd75df060 nmethod 1647 0x000001ddc7e34e10 code [0x000001ddc7e34fe0, 0x000001ddc7e35228]
Event: 3.757 Thread 0x000001ddd75df060 1648       1       java.lang.reflect.Field::getModifiers (5 bytes)
Event: 3.757 Thread 0x000001ddd75df060 nmethod 1648 0x000001ddc7e35490 code [0x000001ddc7e35620, 0x000001ddc7e356f8]
Event: 3.758 Thread 0x000001ddd6b8b5d0 1649   !   1       java.lang.invoke.MethodHandle::setVarargs (25 bytes)
Event: 3.758 Thread 0x000001ddd6b8b5d0 nmethod 1649 0x000001ddc7e35790 code [0x000001ddc7e35940, 0x000001ddc7e35b78]
Event: 3.758 Thread 0x000001ddd7692720 1650       1       java.lang.invoke.MemberName::isVarargs (23 bytes)
Event: 3.759 Thread 0x000001ddd7692720 nmethod 1650 0x000001ddc7e35c90 code [0x000001ddc7e35e20, 0x000001ddc7e35f78]
Event: 3.771 Thread 0x000001ddd75df060 1651       1       org.jetbrains.coverage.org.objectweb.asm.ByteVector::put112 (80 bytes)
Event: 3.771 Thread 0x000001ddd75df060 nmethod 1651 0x000001ddc7e36010 code [0x000001ddc7e361a0, 0x000001ddc7e36348]
Event: 3.773 Thread 0x000001ddd75df060 1652   !   1       sun.net.www.ParseUtil::decode (317 bytes)
Event: 3.774 Thread 0x000001ddd6b8b5d0 1653       1       java.nio.Buffer::capacity (5 bytes)
Event: 3.774 Thread 0x000001ddd6b8b5d0 nmethod 1653 0x000001ddc7e36490 code [0x000001ddc7e36620, 0x000001ddc7e366f8]
Event: 3.778 Thread 0x000001ddd75df060 nmethod 1652 0x000001ddc7e36790 code [0x000001ddc7e36b40, 0x000001ddc7e37f58]

GC Heap History (8 events):
Event: 2.139 GC heap before
{Heap before GC invocations=0 (full 0):
 garbage-first heap   total 262144K, used 12288K [0x0000000701e00000, 0x0000000800000000)
  region size 2048K, 6 young (12288K), 0 survivors (0K)
 Metaspace       used 2021K, committed 2240K, reserved 1056768K
  class space    used 228K, committed 320K, reserved 1048576K
}
Event: 2.150 GC heap after
{Heap after GC invocations=1 (full 0):
 garbage-first heap   total 262144K, used 6673K [0x0000000701e00000, 0x0000000800000000)
  region size 2048K, 1 young (2048K), 1 survivors (2048K)
 Metaspace       used 2021K, committed 2240K, reserved 1056768K
  class space    used 228K, committed 320K, reserved 1048576K
}
Event: 2.779 GC heap before
{Heap before GC invocations=1 (full 0):
 garbage-first heap   total 262144K, used 14865K [0x0000000701e00000, 0x0000000800000000)
  region size 2048K, 6 young (12288K), 1 survivors (2048K)
 Metaspace       used 5424K, committed 5632K, reserved 1056768K
  class space    used 608K, committed 704K, reserved 1048576K
}
Event: 2.789 GC heap after
{Heap after GC invocations=2 (full 0):
 garbage-first heap   total 262144K, used 8694K [0x0000000701e00000, 0x0000000800000000)
  region size 2048K, 1 young (2048K), 1 survivors (2048K)
 Metaspace       used 5424K, committed 5632K, reserved 1056768K
  class space    used 608K, committed 704K, reserved 1048576K
}
Event: 3.286 GC heap before
{Heap before GC invocations=2 (full 0):
 garbage-first heap   total 262144K, used 29174K [0x0000000701e00000, 0x0000000800000000)
  region size 2048K, 11 young (22528K), 1 survivors (2048K)
 Metaspace       used 6878K, committed 7040K, reserved 1056768K
  class space    used 797K, committed 896K, reserved 1048576K
}
Event: 3.291 GC heap after
{Heap after GC invocations=3 (full 0):
 garbage-first heap   total 262144K, used 10078K [0x0000000701e00000, 0x0000000800000000)
  region size 2048K, 2 young (4096K), 2 survivors (4096K)
 Metaspace       used 6878K, committed 7040K, reserved 1056768K
  class space    used 797K, committed 896K, reserved 1048576K
}
Event: 3.623 GC heap before
{Heap before GC invocations=3 (full 0):
 garbage-first heap   total 262144K, used 106334K [0x0000000701e00000, 0x0000000800000000)
  region size 2048K, 50 young (102400K), 2 survivors (4096K)
 Metaspace       used 7548K, committed 7744K, reserved 1056768K
  class space    used 884K, committed 960K, reserved 1048576K
}
Event: 3.628 GC heap after
{Heap after GC invocations=4 (full 0):
 garbage-first heap   total 262144K, used 11145K [0x0000000701e00000, 0x0000000800000000)
  region size 2048K, 3 young (6144K), 3 survivors (6144K)
 Metaspace       used 7548K, committed 7744K, reserved 1056768K
  class space    used 884K, committed 960K, reserved 1048576K
}

Deoptimization events (10 events):
Event: 1.941 Thread 0x000001ddbe9a4620 DEOPT PACKING pc=0x000001ddc7c22105 sp=0x0000008298bfc560
Event: 1.942 Thread 0x000001ddbe9a4620 DEOPT UNPACKING pc=0x000001ddc79c2b43 sp=0x0000008298bfbac0 mode 3
Event: 2.691 Thread 0x000001ddbe9a4620 DEOPT PACKING pc=0x000001ddc7d05481 sp=0x0000008298bfb820
Event: 2.691 Thread 0x000001ddbe9a4620 DEOPT UNPACKING pc=0x000001ddc79c2b43 sp=0x0000008298bfac90 mode 3
Event: 2.771 Thread 0x000001ddbe9a4620 DEOPT PACKING pc=0x000001ddc7d3b854 sp=0x0000008298bfa870
Event: 2.772 Thread 0x000001ddbe9a4620 DEOPT UNPACKING pc=0x000001ddc79c2b43 sp=0x0000008298bf9d08 mode 3
Event: 2.824 Thread 0x000001ddbe9a4620 DEOPT PACKING pc=0x000001ddc7d5d6f9 sp=0x0000008298bf9ad0
Event: 2.824 Thread 0x000001ddbe9a4620 DEOPT UNPACKING pc=0x000001ddc79c2b43 sp=0x0000008298bf8fb0 mode 3
Event: 3.303 Thread 0x000001ddbe9a4620 DEOPT PACKING pc=0x000001ddc7c78e01 sp=0x0000008298bfcb60
Event: 3.303 Thread 0x000001ddbe9a4620 DEOPT UNPACKING pc=0x000001ddc79c2b43 sp=0x0000008298bfbfb8 mode 3

Classes unloaded (0 events):
No events

Classes redefined (0 events):
No events

Internal exceptions (20 events):
Event: 2.003 Thread 0x000001ddbe9a4620 Exception <a 'java/lang/NoSuchMethodError'{0x000000071123b9b0}: 'java.lang.Object java.lang.invoke.DirectMethodHandle$Holder.invokeStaticInit(java.lang.Object)'> (0x000000071123b9b0) 
thrown [t:\workspace\open\src\hotspot\share\interpreter\linkResolver.cpp, line 766]
Event: 2.051 Thread 0x000001ddbe9a4620 Exception <a 'java/lang/NoSuchMethodError'{0x00000007112d7858}: 'int java.lang.invoke.DirectMethodHandle$Holder.invokeInterface(java.lang.Object, java.lang.Object)'> (0x00000007112d7858) 
thrown [t:\workspace\open\src\hotspot\share\interpreter\linkResolver.cpp, line 766]
Event: 2.052 Thread 0x000001ddbe9a4620 Exception <a 'java/lang/IncompatibleClassChangeError'{0x00000007112dae58}: Found class java.lang.Object, but interface was expected> (0x00000007112dae58) 
thrown [t:\workspace\open\src\hotspot\share\interpreter\linkResolver.cpp, line 833]
Event: 2.056 Thread 0x000001ddbe9a4620 Exception <a 'java/lang/NoSuchMethodError'{0x00000007112e11e8}: 'void java.lang.invoke.DirectMethodHandle$Holder.invokeStatic(java.lang.Object, java.lang.Object)'> (0x00000007112e11e8) 
thrown [t:\workspace\open\src\hotspot\share\interpreter\linkResolver.cpp, line 766]
Event: 2.197 Thread 0x000001ddbe9a4620 Exception <a 'java/lang/NoSuchMethodError'{0x0000000711c5d718}: 'int java.lang.invoke.DirectMethodHandle$Holder.invokeSpecial(java.lang.Object, java.lang.Object, java.lang.Object)'> (0x0000000711c5d718) 
thrown [t:\workspace\open\src\hotspot\share\interpreter\linkResolver.cpp, line 766]
Event: 2.306 Thread 0x000001ddbe9a4620 Exception <a 'java/lang/NoSuchMethodError'{0x0000000711a45d00}: 'void java.lang.invoke.DirectMethodHandle$Holder.invokeStatic(java.lang.Object, java.lang.Object, java.lang.Object)'> (0x0000000711a45d00) 
thrown [t:\workspace\open\src\hotspot\share\interpreter\linkResolver.cpp, line 766]
Event: 2.327 Thread 0x000001ddbe9a4620 Exception <a 'java/lang/NoSuchMethodError'{0x0000000711aaaa30}: 'int java.lang.invoke.DirectMethodHandle$Holder.invokeSpecialIFC(java.lang.Object, java.lang.Object, java.lang.Object)'> (0x0000000711aaaa30) 
thrown [t:\workspace\open\src\hotspot\share\interpreter\linkResolver.cpp, line 766]
Event: 2.391 Thread 0x000001ddbe9a4620 Exception <a 'java/lang/NoSuchMethodError'{0x0000000711b87130}: 'java.lang.Object java.lang.invoke.DirectMethodHandle$Holder.invokeStaticInit(java.lang.Object, int, int, int, int)'> (0x0000000711b87130) 
thrown [t:\workspace\open\src\hotspot\share\interpreter\linkResolver.cpp, line 766]
Event: 2.515 Thread 0x000001ddbe9a4620 Exception <a 'java/lang/NoSuchMethodError'{0x0000000711880230}: 'java.lang.Object java.lang.invoke.DirectMethodHandle$Holder.invokeStaticInit(java.lang.Object, java.lang.Object, int, int, int, int)'> (0x0000000711880230) 
thrown [t:\workspace\open\src\hotspot\share\interpreter\linkResolver.cpp, line 766]
Event: 2.548 Thread 0x000001ddbe9a4620 Exception <a 'java/lang/ClassNotFoundException'{0x00000007118c1c08}: javax/management/remote/rmi/RMIServerImpl_Skel> (0x00000007118c1c08) 
thrown [t:\workspace\open\src\hotspot\share\classfile\systemDictionary.cpp, line 256]
Event: 2.941 Thread 0x000001ddbe9a4620 Exception <a 'java/lang/ClassNotFoundException'{0x0000000711914180}: javax/smartcardio/CardPermission> (0x0000000711914180) 
thrown [t:\workspace\open\src\hotspot\share\classfile\systemDictionary.cpp, line 256]
Event: 2.947 Thread 0x000001ddbe9a4620 Exception <a 'java/io/FileNotFoundException'{0x0000000711924af8}> (0x0000000711924af8) 
thrown [t:\workspace\open\src\hotspot\share\prims\jni.cpp, line 516]
Event: 3.130 Thread 0x000001ddbe9a4620 Exception <a 'java/lang/NoSuchMethodError'{0x0000000710ed6350}: 'void java.lang.invoke.DirectMethodHandle$Holder.invokeStatic(java.lang.Object, java.lang.Object, java.lang.Object, java.lang.Object)'> (0x0000000710ed6350) 
thrown [t:\workspace\open\src\hotspot\share\interpreter\linkResolver.cpp, line 766]
Event: 3.229 Thread 0x000001ddbe9a4620 Exception <a 'java/lang/NoSuchMethodError'{0x0000000710bb27f8}: 'int java.lang.invoke.DirectMethodHandle$Holder.invokeStaticInit(java.lang.Object, java.lang.Object)'> (0x0000000710bb27f8) 
thrown [t:\workspace\open\src\hotspot\share\interpreter\linkResolver.cpp, line 766]
Event: 3.249 Thread 0x000001ddbe9a4620 Exception <a 'java/lang/NoSuchMethodError'{0x000000071087b388}: 'void java.lang.invoke.DirectMethodHandle$Holder.invokeInterface(java.lang.Object, java.lang.Object, java.lang.Object, java.lang.Object)'> (0x000000071087b388) 
thrown [t:\workspace\open\src\hotspot\share\interpreter\linkResolver.cpp, line 766]
Event: 3.386 Thread 0x000001ddbe9a4620 Exception <a 'java/lang/NoSuchMethodError'{0x000000071168e398}: 'java.lang.Object java.lang.invoke.DirectMethodHandle$Holder.invokeInterface(java.lang.Object, java.lang.Object)'> (0x000000071168e398) 
thrown [t:\workspace\open\src\hotspot\share\interpreter\linkResolver.cpp, line 766]
Event: 3.424 Thread 0x000001ddbe9a4620 Exception <a 'java/lang/NoSuchMethodError'{0x00000007117bbe28}: 'java.lang.Object java.lang.invoke.DirectMethodHandle$Holder.invokeSpecialIFC(java.lang.Object, java.lang.Object, java.lang.Object, java.lang.Object)'> (0x00000007117bbe28) 
thrown [t:\workspace\open\src\hotspot\share\interpreter\linkResolver.cpp, line 766]
Event: 3.430 Thread 0x000001ddbe9a4620 Exception <a 'java/lang/NoSuchMethodError'{0x00000007117f2fc8}: 'java.lang.Object java.lang.invoke.DirectMethodHandle$Holder.invokeInterface(java.lang.Object, java.lang.Object, java.lang.Object)'> (0x00000007117f2fc8) 
thrown [t:\workspace\open\src\hotspot\share\interpreter\linkResolver.cpp, line 766]
Event: 3.743 Thread 0x000001ddd8653010 Exception <a 'java/lang/ArrayIndexOutOfBoundsException'{0x00000007109bda00}: Index 0 out of bounds for length 0> (0x00000007109bda00) 
thrown [t:\workspace\open\src\hotspot\share\interpreter\interpreterRuntime.cpp, line 428]
Event: 3.743 Thread 0x000001ddd8653010 Exception <a 'java/lang/reflect/InvocationTargetException'{0x00000007109be218}> (0x00000007109be218) 
thrown [t:\workspace\open\src\hotspot\share\runtime\reflection.cpp, line 1121]

VM Operations (20 events):
Event: 1.967 Executing VM operation: HandshakeAllThreads
Event: 1.967 Executing VM operation: HandshakeAllThreads done
Event: 2.139 Executing VM operation: G1CollectForAllocation
Event: 2.150 Executing VM operation: G1CollectForAllocation done
Event: 2.361 Executing VM operation: HandshakeAllThreads
Event: 2.361 Executing VM operation: HandshakeAllThreads done
Event: 2.547 Executing VM operation: HandshakeAllThreads
Event: 2.547 Executing VM operation: HandshakeAllThreads done
Event: 2.666 Executing VM operation: HandshakeAllThreads
Event: 2.666 Executing VM operation: HandshakeAllThreads done
Event: 2.779 Executing VM operation: G1CollectForAllocation
Event: 2.789 Executing VM operation: G1CollectForAllocation done
Event: 2.818 Executing VM operation: HandshakeAllThreads
Event: 2.818 Executing VM operation: HandshakeAllThreads done
Event: 3.286 Executing VM operation: G1CollectForAllocation
Event: 3.291 Executing VM operation: G1CollectForAllocation done
Event: 3.623 Executing VM operation: G1CollectForAllocation
Event: 3.628 Executing VM operation: G1CollectForAllocation done
Event: 3.732 Executing VM operation: HandshakeAllThreads
Event: 3.732 Executing VM operation: HandshakeAllThreads done

Events (20 events):
Event: 3.753 loading class org/springframework/beans/SimpleBeanInfoFactory
Event: 3.753 loading class org/springframework/beans/SimpleBeanInfoFactory done
Event: 3.753 loading class org/springframework/beans/BeanInfoFactory
Event: 3.753 loading class org/springframework/beans/BeanInfoFactory done
Event: 3.754 loading class java/beans/BeanInfo
Event: 3.754 loading class java/beans/BeanInfo done
Event: 3.757 loading class org/springframework/boot/devtools/restart/Restarter
Event: 3.757 loading class org/springframework/boot/devtools/restart/Restarter done
Event: 3.765 loading class org/springframework/util/ConcurrentReferenceHashMap$EntrySet
Event: 3.765 loading class org/springframework/util/ConcurrentReferenceHashMap$EntrySet done
Event: 3.766 loading class org/springframework/util/ConcurrentReferenceHashMap$EntryIterator
Event: 3.766 loading class org/springframework/util/ConcurrentReferenceHashMap$EntryIterator done
Event: 3.768 loading class org/springframework/core/annotation/AnnotationUtils
Event: 3.768 loading class org/springframework/core/annotation/AnnotationUtils done
Event: 3.777 loading class org/springframework/core/annotation/AnnotationTypeMappings
Event: 3.777 loading class org/springframework/core/annotation/AnnotationTypeMappings done
Event: 3.779 loading class org/springframework/core/annotation/IntrospectionFailureLogger
Event: 3.779 loading class org/springframework/core/annotation/IntrospectionFailureLogger done
Event: 3.780 loading class org/springframework/core/annotation/IntrospectionFailureLogger$1
Event: 3.780 loading class org/springframework/core/annotation/IntrospectionFailureLogger$1 done


Dynamic libraries:
0x00007ff713c70000 - 0x00007ff713c80000 	C:\Program Files\Java\jdk-17.0.1\bin\java.exe
0x00007ff896790000 - 0x00007ff896988000 	C:\WINDOWS\SYSTEM32\ntdll.dll
0x00007ff86ae60000 - 0x00007ff86ae79000 	C:\Program Files\Avast Software\Avast\aswhook.dll
0x00007ff896090000 - 0x00007ff89614f000 	C:\WINDOWS\System32\KERNEL32.DLL
0x00007ff8944f0000 - 0x00007ff8947e6000 	C:\WINDOWS\System32\KERNELBASE.dll
0x00007ff894030000 - 0x00007ff894130000 	C:\WINDOWS\System32\ucrtbase.dll
0x00007ff88ac50000 - 0x00007ff88ac68000 	C:\Program Files\Java\jdk-17.0.1\bin\jli.dll
0x00007ff894970000 - 0x00007ff894a1f000 	C:\WINDOWS\System32\ADVAPI32.dll
0x00007ff8952b0000 - 0x00007ff89534e000 	C:\WINDOWS\System32\msvcrt.dll
0x00007ff895200000 - 0x00007ff89529c000 	C:\WINDOWS\System32\sechost.dll
0x00007ff8954e0000 - 0x00007ff895606000 	C:\WINDOWS\System32\RPCRT4.dll
0x00007ff894a80000 - 0x00007ff894c1d000 	C:\WINDOWS\System32\USER32.dll
0x00007ff88aba0000 - 0x00007ff88abba000 	C:\Program Files\Java\jdk-17.0.1\bin\VCRUNTIME140.dll
0x00007ff894490000 - 0x00007ff8944b2000 	C:\WINDOWS\System32\win32u.dll
0x00007ff894cb0000 - 0x00007ff894cdc000 	C:\WINDOWS\System32\GDI32.dll
0x00007ff893e70000 - 0x00007ff893f85000 	C:\WINDOWS\System32\gdi32full.dll
0x00007ff893f90000 - 0x00007ff89402d000 	C:\WINDOWS\System32\msvcp_win.dll
0x00007ff87c990000 - 0x00007ff87cc2a000 	C:\WINDOWS\WinSxS\amd64_microsoft.windows.common-controls_6595b64144ccf1df_6.0.19041.1110_none_60b5254171f9507e\COMCTL32.dll
0x00007ff887570000 - 0x00007ff88757a000 	C:\WINDOWS\SYSTEM32\VERSION.dll
0x00007ff8947f0000 - 0x00007ff894820000 	C:\WINDOWS\System32\IMM32.DLL
0x00007ff88c4d0000 - 0x00007ff88c4dc000 	C:\Program Files\Java\jdk-17.0.1\bin\vcruntime140_1.dll
0x00007ff870ad0000 - 0x00007ff870b5d000 	C:\Program Files\Java\jdk-17.0.1\bin\msvcp140.dll
0x00007ff848cf0000 - 0x00007ff8498ae000 	C:\Program Files\Java\jdk-17.0.1\bin\server\jvm.dll
0x00007ff8952a0000 - 0x00007ff8952a8000 	C:\WINDOWS\System32\PSAPI.DLL
0x00007ff87de30000 - 0x00007ff87de39000 	C:\WINDOWS\SYSTEM32\WSOCK32.dll
0x00007ff895410000 - 0x00007ff89547b000 	C:\WINDOWS\System32\WS2_32.dll
0x00007ff86a050000 - 0x00007ff86a077000 	C:\WINDOWS\SYSTEM32\WINMM.dll
0x00007ff8926c0000 - 0x00007ff8926d2000 	C:\WINDOWS\SYSTEM32\kernel.appcore.dll
0x00007ff88b4f0000 - 0x00007ff88b4fa000 	C:\Program Files\Java\jdk-17.0.1\bin\jimage.dll
0x00007ff88ebe0000 - 0x00007ff88edc4000 	C:\WINDOWS\SYSTEM32\DBGHELP.DLL
0x00007ff882880000 - 0x00007ff8828b4000 	C:\WINDOWS\SYSTEM32\dbgcore.DLL
0x00007ff8943b0000 - 0x00007ff894432000 	C:\WINDOWS\System32\bcryptPrimitives.dll
0x00007ff88ac40000 - 0x00007ff88ac4e000 	C:\Program Files\Java\jdk-17.0.1\bin\instrument.dll
0x00007ff88ab00000 - 0x00007ff88ab25000 	C:\Program Files\Java\jdk-17.0.1\bin\java.dll
0x00007ff8898a0000 - 0x00007ff8898b8000 	C:\Program Files\Java\jdk-17.0.1\bin\zip.dll
0x00007ff855d70000 - 0x00007ff855e46000 	C:\Program Files\Java\jdk-17.0.1\bin\svml.dll
0x00007ff8957c0000 - 0x00007ff895f04000 	C:\WINDOWS\System32\SHELL32.dll
0x00007ff88edd0000 - 0x00007ff88f563000 	C:\WINDOWS\SYSTEM32\windows.storage.dll
0x00007ff896150000 - 0x00007ff8964a4000 	C:\WINDOWS\System32\combase.dll
0x00007ff893860000 - 0x00007ff89388e000 	C:\WINDOWS\SYSTEM32\Wldp.dll
0x00007ff895f10000 - 0x00007ff895fbd000 	C:\WINDOWS\System32\SHCORE.dll
0x00007ff895350000 - 0x00007ff8953a5000 	C:\WINDOWS\System32\shlwapi.dll
0x00007ff893db0000 - 0x00007ff893dcf000 	C:\WINDOWS\SYSTEM32\profapi.dll
0x00007ff88a5e0000 - 0x00007ff88a5f9000 	C:\Program Files\Java\jdk-17.0.1\bin\net.dll
0x00007ff880630000 - 0x00007ff88073a000 	C:\WINDOWS\SYSTEM32\WINHTTP.dll
0x00007ff8935c0000 - 0x00007ff89362a000 	C:\WINDOWS\system32\mswsock.dll
0x00007ff889a70000 - 0x00007ff889a85000 	C:\Program Files\Java\jdk-17.0.1\bin\nio.dll
0x00007ff8932f0000 - 0x00007ff8933bb000 	C:\WINDOWS\SYSTEM32\DNSAPI.dll
0x00007ff8932b0000 - 0x00007ff8932ec000 	C:\WINDOWS\SYSTEM32\IPHLPAPI.DLL
0x00007ff894940000 - 0x00007ff894948000 	C:\WINDOWS\System32\NSI.dll
0x00007ff87ecc0000 - 0x00007ff87ecca000 	C:\Windows\System32\rasadhlp.dll
0x00007ff87ee70000 - 0x00007ff87eef2000 	C:\WINDOWS\System32\fwpuclnt.dll
0x00007ff8944c0000 - 0x00007ff8944e7000 	C:\WINDOWS\System32\bcrypt.dll
0x00007ff88b380000 - 0x00007ff88b389000 	C:\Program Files\Java\jdk-17.0.1\bin\management.dll
0x00007ff88b330000 - 0x00007ff88b33b000 	C:\Program Files\Java\jdk-17.0.1\bin\management_ext.dll
0x00007ff8937b0000 - 0x00007ff8937c8000 	C:\WINDOWS\SYSTEM32\CRYPTSP.dll
0x00007ff892ee0000 - 0x00007ff892f14000 	C:\WINDOWS\system32\rsaenh.dll
0x00007ff893d70000 - 0x00007ff893d9e000 	C:\WINDOWS\SYSTEM32\USERENV.dll
0x00007ff8937d0000 - 0x00007ff8937dc000 	C:\WINDOWS\SYSTEM32\CRYPTBASE.dll
0x00007ff882180000 - 0x00007ff882197000 	C:\WINDOWS\SYSTEM32\dhcpcsvc6.DLL
0x00007ff882790000 - 0x00007ff8827ad000 	C:\WINDOWS\SYSTEM32\dhcpcsvc.DLL
0x00007ff86a030000 - 0x00007ff86a047000 	C:\WINDOWS\system32\napinsp.dll
0x00007ff869fb0000 - 0x00007ff869fcb000 	C:\WINDOWS\system32\pnrpnsp.dll
0x00007ff869f40000 - 0x00007ff869f55000 	C:\WINDOWS\system32\wshbth.dll
0x00007ff88c430000 - 0x00007ff88c44d000 	C:\WINDOWS\system32\NLAapi.dll
0x00007ff869a70000 - 0x00007ff869a82000 	C:\WINDOWS\System32\winrnr.dll
0x00007ff8896b0000 - 0x00007ff8896ca000 	C:\Program Files\JetBrains\IntelliJ IDEA 2019.1.2\bin\breakgen64.dll

dbghelp: loaded successfully - version: 4.0.5 - missing functions: none
symbol engine: initialized successfully - sym options: 0x614 - pdb path: .;C:\Program Files\Java\jdk-17.0.1\bin;C:\WINDOWS\SYSTEM32;C:\Program Files\Avast Software\Avast;C:\WINDOWS\WinSxS\amd64_microsoft.windows.common-controls_6595b64144ccf1df_6.0.19041.1110_none_60b5254171f9507e;C:\Program Files\Java\jdk-17.0.1\bin\server;C:\Program Files\JetBrains\IntelliJ IDEA 2019.1.2\bin

VM Arguments:
jvm_args: -javaagent:C:\Users\User\.IntelliJIdea2019.1\system\testAgent\intellij-coverage-agent-1.0.495.jar=C:\Users\User\AppData\Local\Temp\coverageargs -XX:TieredStopAtLevel=1 -Xverify:none -Dspring.output.ansi.enabled=always -Dcom.sun.management.jmxremote -Dspring.jmx.enabled=true -Dspring.liveBeansView.mbeanDomain -Dspring.application.admin.enabled=true -Didea.launcher.port=11024 -Didea.launcher.bin.path=C:\Program Files\JetBrains\IntelliJ IDEA 2019.1.2\bin -Dfile.encoding=UTF-8 
java_command: com.intellij.rt.execution.application.AppMainV2 com.institutsaintjean.GestionsDesInterventions.GestionsDesInterventionsApplication
java_class_path (initial): D:\spring et spring boot\GestionsDesInterventions\target\classes;C:\Users\User\.m2\repository\org\springframework\boot\spring-boot-starter-data-jpa\3.1.0\spring-boot-starter-data-jpa-3.1.0.jar;C:\Users\User\.m2\repository\org\springframework\boot\spring-boot-starter-aop\3.1.0\spring-boot-starter-aop-3.1.0.jar;C:\Users\User\.m2\repository\org\springframework\spring-aop\6.0.9\spring-aop-6.0.9.jar;C:\Users\User\.m2\repository\org\aspectj\aspectjweaver\1.9.19\aspectjweaver-1.9.19.jar;C:\Users\User\.m2\repository\org\springframework\boot\spring-boot-starter-jdbc\3.1.0\spring-boot-starter-jdbc-3.1.0.jar;C:\Users\User\.m2\repository\com\zaxxer\HikariCP\5.0.1\HikariCP-5.0.1.jar;C:\Users\User\.m2\repository\org\springframework\spring-jdbc\6.0.9\spring-jdbc-6.0.9.jar;C:\Users\User\.m2\repository\org\hibernate\orm\hibernate-core\6.2.2.Final\hibernate-core-6.2.2.Final.jar;C:\Users\User\.m2\repository\jakarta\persistence\jakarta.persistence-api\3.1.0\jakarta.persistence-api-3.1.0.jar;C:\Users\User\.m2\repository\jakarta\transaction\jakarta.transaction-api\2.0.1\jakarta.transaction-api-2.0.1.jar;C:\Users\User\.m2\repository\org\jboss\logging\jboss-logging\3.5.0.Final\jboss-logging-3.5.0.Final.jar;C:\Users\User\.m2\repository\org\hibernate\common\hibernate-commons-annotations\6.0.6.Final\hibernate-commons-annotations-6.0.6.Final.jar;C:\Users\User\.m2\repository\io\smallrye\jandex\3.0.5\jandex-3.0.5.jar;C:\Users\User\.m2\repository\com\fasterxml\classmate\1.5.1\classmate-1.5.1.jar;C:\Users\User\.m2\repository\net\bytebuddy\byte-buddy\1.14.4\byte-buddy-1.14.4.jar;C:\Users\User\.m2\repository\org\glassfish\jaxb\jaxb-runtime\4.0.2\jaxb-runtime-4.0.2.jar;C:\Users\User\.m2\repository\org\glassfish\jaxb\jaxb-core\4.0.2\jaxb-core-4.0.2.jar;C:\Users\User\.m2\repository\org\eclipse\angus\angus-activation\2.0.0\angus-activation-2.0.0.jar;C:\Users\User\.m2\repository\org\glassfish\jaxb\txw2\4.0.2\txw2-4.0.2.jar;C:\Users\User\.m2\repository\com\sun\istack\istack-co
Launcher Type: SUN_STANDARD

[Global flags]
     intx CICompilerCount                          = 3                                         {product} {ergonomic}
     uint ConcGCThreads                            = 1                                         {product} {ergonomic}
     uint G1ConcRefinementThreads                  = 4                                         {product} {ergonomic}
   size_t G1HeapRegionSize                         = 2097152                                   {product} {ergonomic}
    uintx GCDrainStackTargetSize                   = 64                                        {product} {ergonomic}
   size_t InitialHeapSize                          = 268435456                                 {product} {ergonomic}
     bool ManagementServer                         = true                                      {product} {command line}
   size_t MarkStackSize                            = 4194304                                   {product} {ergonomic}
   size_t MaxHeapSize                              = 4263510016                                {product} {ergonomic}
   size_t MaxNewSize                               = 2556428288                                {product} {ergonomic}
   size_t MinHeapDeltaBytes                        = 2097152                                   {product} {ergonomic}
   size_t MinHeapSize                              = 8388608                                   {product} {ergonomic}
    uintx NonProfiledCodeHeapSize                  = 0                                      {pd product} {ergonomic}
     bool ProfileInterpreter                       = false                                  {pd product} {command line}
    uintx ProfiledCodeHeapSize                     = 0                                      {pd product} {ergonomic}
   size_t SoftMaxHeapSize                          = 4263510016                             {manageable} {ergonomic}
     intx TieredStopAtLevel                        = 1                                         {product} {command line}
     bool UseCompressedClassPointers               = true                           {product lp64_product} {ergonomic}
     bool UseCompressedOops                        = true                           {product lp64_product} {ergonomic}
     bool UseG1GC                                  = true                                      {product} {ergonomic}
     bool UseLargePagesIndividualAllocation        = false                                  {pd product} {ergonomic}

Logging:
Log output configuration:
 #0: stdout all=warning uptime,level,tags
 #1: stderr all=off uptime,level,tags

Environment Variables:
PATH=C:\Program Files (x86)\Common Files\Oracle\Java\javapath;C:\Program Files\Common Files\Oracle\Java\javapath;C:\WINDOWS\system32;C:\WINDOWS;C:\WINDOWS\System32\Wbem;C:\WINDOWS\System32\WindowsPowerShell\v1.0\;C:\WINDOWS\System32\OpenSSH\;C:\ProgramData\chocolatey\bin;C:\maven\apache-maven-3.9.0\bin;C:\Program Files\dotnet\;C:\Program Files\nodejs\;C:\Program Files\Git\cmd;C:\Windows\System32;C:\Windows\System32;C:\Users\User\AppData\Local\Programs\Microsoft VS Code\bin
USERNAME=User
OS=Windows_NT
PROCESSOR_IDENTIFIER=Intel64 Family 6 Model 78 Stepping 3, GenuineIntel



---------------  S Y S T E M  ---------------

OS:
 Windows 10 , 64 bit Build 19041 (10.0.19041.2913)
OS uptime: 2 days 23:37 hours

CPU: total 4 (initial active 4) (2 cores per cpu, 2 threads per core) family 6 model 78 stepping 3 microcode 0xcc, cx8, cmov, fxsr, ht, mmx, 3dnowpref, sse, sse2, sse3, ssse3, sse4.1, sse4.2, popcnt, lzcnt, tsc, tscinvbit, avx, avx2, aes, erms, clmul, bmi1, bmi2, adx, fma, vzeroupper, clflush, clflushopt

Memory: 4k page, system-wide physical 16263M (8239M free)
TotalPageFile size 18695M (AvailPageFile size 6870M)
current process WorkingSet (physical memory assigned to process): 163M, peak: 163M
current process commit charge ("private bytes"): 352M, peak: 352M

vm_info: Java HotSpot(TM) 64-Bit Server VM (17.0.1+12-LTS-39) for windows-amd64 JRE (17.0.1+12-LTS-39), built on Sep 27 2021 18:41:35 by "mach5one" with MS VC++ 16.8 (VS2019)

END.
